<?xml version="1.0" encoding="UTF-8"?>
<!-- Generated by org.testng.reporters.JUnitXMLReporter -->
<testsuite hostname="lenovo-PC" ignored="0" name="Regression suite 1" tests="8" failures="0" timestamp="09 Dec 2017 09:59:45 GMT" time="95.558" errors="0">
  <testcase name="loginPageIconValidate" time="0.217" classname="com.actitime.testcases.LoginPageTest"/>
  <testcase name="verifyAddNewCustomerTest" time="1.585" classname="com.actitime.testcases.AddNewCustomerPageTest"/>
  <testcase name="verifyAddNewCustomerTest" time="0.83" classname="com.actitime.testcases.AddNewCustomerPageTest"/>
  <testcase name="verifyAddNewCustomerTest" time="0.928" classname="com.actitime.testcases.AddNewCustomerPageTest"/>
  <testcase name="verifyAddNewCustomerTest" time="1.751" classname="com.actitime.testcases.AddNewCustomerPageTest"/>
  <testcase name="validateHomePageTest" time="3.71" classname="com.actitime.testcases.HomePageTest"/>
  <testcase name="logintest" time="1.306" classname="com.actitime.testcases.LoginPageTest"/>
  <testcase name="showtasksTest" time="1.187" classname="com.actitime.testcases.HomePageTest"/>
</testsuite> <!-- Regression suite 1 -->
