<?xml version="1.0" encoding="UTF-8"?>
<!-- Generated by org.testng.reporters.JUnitXMLReporter -->
<testsuite hostname="lenovo-PC" ignored="0" name="Default test" tests="4" failures="0" timestamp="25 Feb 2018 16:08:28 GMT" time="69.234" errors="0">
  <testcase name="verifyAddNewCustomerTest" time="2.387" classname="com.actitime.testcases.AddNewCustomerPageTest"/>
  <testcase name="verifyAddNewCustomerTest" time="0.748" classname="com.actitime.testcases.AddNewCustomerPageTest"/>
  <testcase name="verifyAddNewCustomerTest" time="0.826" classname="com.actitime.testcases.AddNewCustomerPageTest"/>
  <testcase name="verifyAddNewCustomerTest" time="0.956" classname="com.actitime.testcases.AddNewCustomerPageTest"/>
</testsuite> <!-- Default test -->
