<?xml version="1.0" encoding="UTF-8" ?>
<testsuite tests="10" failures="2" name="TestSuite" time="78,808.446" errors="0" skipped="1">
  <properties>
[...]
</properties>
  <testcase classname="com.actitime.testcases.ProjectsAndCustomersPageTest" name="verifyProjectsAndCustomersPageTest" time="0.015"/>
  <testcase classname="com.actitime.testcases.AddNewCustomerPageTest" name="verifyAddNewCustomerTest" time="1.623"/>
  <testcase classname="com.actitime.testcases.AddNewCustomerPageTest" name="verifyAddNewCustomerTest" time="0.743"/>
  <testcase classname="com.actitime.testcases.AddNewCustomerPageTest" name="verifyAddNewCustomerTest" time="0.664"/>
  <testcase classname="com.actitime.testcases.AddNewCustomerPageTest" name="setup" time="39,395.084">
    <failure message="java.net.SocketTimeoutException: Read timed out
Build info: version: &apos;3.8.1&apos;, revision: &apos;6e95a6684b&apos;, time: &apos;2017-12-01T18:33:54.468Z&apos;
System info: host: &apos;ViN&apos;s-PC&apos;, ip: &apos;127.0.0.1&apos;, os.name: &apos;Windows 7&apos;, os.arch: &apos;x86&apos;, os.version: &apos;6.1&apos;, java.version: &apos;1.8.0_144&apos;
Driver info: driver.version: EventFiringWebDriver" type="org.openqa.selenium.WebDriverException">org.openqa.selenium.WebDriverException: java.net.SocketTimeoutException: Read timed out
Build info: version: &apos;3.8.1&apos;, revision: &apos;6e95a6684b&apos;, time: &apos;2017-12-01T18:33:54.468Z&apos;
System info: host: &apos;ViN&apos;s-PC&apos;, ip: &apos;127.0.0.1&apos;, os.name: &apos;Windows 7&apos;, os.arch: &apos;x86&apos;, os.version: &apos;6.1&apos;, java.version: &apos;1.8.0_144&apos;
Driver info: driver.version: EventFiringWebDriver
	at org.openqa.selenium.remote.service.DriverCommandExecutor.execute(DriverCommandExecutor.java:92)
	at org.openqa.selenium.remote.RemoteWebDriver.execute(RemoteWebDriver.java:601)
	at org.openqa.selenium.remote.RemoteWebDriver.findElement(RemoteWebDriver.java:371)
	at org.openqa.selenium.remote.RemoteWebDriver.findElementByName(RemoteWebDriver.java:449)
	at org.openqa.selenium.By$ByName.findElement(By.java:303)
	at org.openqa.selenium.remote.RemoteWebDriver.findElement(RemoteWebDriver.java:363)
	at sun.reflect.GeneratedMethodAccessor3.invoke(Unknown Source)
	at sun.reflect.DelegatingMethodAccessorImpl.invoke(DelegatingMethodAccessorImpl.java:43)
	at java.lang.reflect.Method.invoke(Method.java:498)
	at org.openqa.selenium.support.events.EventFiringWebDriver$2.invoke(EventFiringWebDriver.java:108)
	at com.sun.proxy.$Proxy6.findElement(Unknown Source)
	at org.openqa.selenium.support.events.EventFiringWebDriver.findElement(EventFiringWebDriver.java:192)
	at org.openqa.selenium.support.pagefactory.DefaultElementLocator.findElement(DefaultElementLocator.java:69)
	at org.openqa.selenium.support.pagefactory.internal.LocatingElementHandler.invoke(LocatingElementHandler.java:38)
	at com.sun.proxy.$Proxy10.sendKeys(Unknown Source)
	at com.actitime.pages.LoginPage.login(LoginPage.java:57)
	at com.actitime.testcases.AddNewCustomerPageTest.setup(AddNewCustomerPageTest.java:35)
Caused by: java.net.SocketTimeoutException: Read timed out
	at java.net.SocketInputStream.socketRead0(Native Method)
	at java.net.SocketInputStream.socketRead(SocketInputStream.java:116)
	at java.net.SocketInputStream.read(SocketInputStream.java:171)
	at java.net.SocketInputStream.read(SocketInputStream.java:141)
	at org.apache.http.impl.io.SessionInputBufferImpl.streamRead(SessionInputBufferImpl.java:137)
	at org.apache.http.impl.io.SessionInputBufferImpl.fillBuffer(SessionInputBufferImpl.java:153)
	at org.apache.http.impl.io.SessionInputBufferImpl.readLine(SessionInputBufferImpl.java:282)
	at org.apache.http.impl.conn.DefaultHttpResponseParser.parseHead(DefaultHttpResponseParser.java:138)
	at org.apache.http.impl.conn.DefaultHttpResponseParser.parseHead(DefaultHttpResponseParser.java:56)
	at org.apache.http.impl.io.AbstractMessageParser.parse(AbstractMessageParser.java:259)
	at org.apache.http.impl.DefaultBHttpClientConnection.receiveResponseHeader(DefaultBHttpClientConnection.java:163)
	at org.apache.http.impl.conn.CPoolProxy.receiveResponseHeader(CPoolProxy.java:165)
	at org.apache.http.protocol.HttpRequestExecutor.doReceiveResponse(HttpRequestExecutor.java:273)
	at org.apache.http.protocol.HttpRequestExecutor.execute(HttpRequestExecutor.java:125)
	at org.apache.http.impl.execchain.MainClientExec.execute(MainClientExec.java:272)
	at org.apache.http.impl.execchain.ProtocolExec.execute(ProtocolExec.java:185)
	at org.apache.http.impl.execchain.RetryExec.execute(RetryExec.java:89)
	at org.apache.http.impl.execchain.RedirectExec.execute(RedirectExec.java:111)
	at org.apache.http.impl.client.InternalHttpClient.doExecute(InternalHttpClient.java:185)
	at org.apache.http.impl.client.CloseableHttpClient.execute(CloseableHttpClient.java:72)
	at org.apache.http.impl.client.CloseableHttpClient.execute(CloseableHttpClient.java:56)
	at org.openqa.selenium.remote.internal.ApacheHttpClient.fallBackExecute(ApacheHttpClient.java:138)
	at org.openqa.selenium.remote.internal.ApacheHttpClient.execute(ApacheHttpClient.java:86)
	at org.openqa.selenium.remote.HttpCommandExecutor.execute(HttpCommandExecutor.java:161)
	at org.openqa.selenium.remote.service.DriverCommandExecutor.execute(DriverCommandExecutor.java:83)
	... 53 more
</failure>
    <system-out>Before navigating to: &apos;http://127.0.0.1/login.do&apos;
Navigated to:&apos;http://127.0.0.1/login.do&apos;
Trying to find Element By : By.name: username
Exception occured: org.openqa.selenium.WebDriverException: java.net.SocketTimeoutException: Read timed out
Build info: version: &apos;3.8.1&apos;, revision: &apos;6e95a6684b&apos;, time: &apos;2017-12-01T18:33:54.468Z&apos;
System info: host: &apos;ViN&apos;s-PC&apos;, ip: &apos;127.0.0.1&apos;, os.name: &apos;Windows 7&apos;, os.arch: &apos;x86&apos;, os.version: &apos;6.1&apos;, java.version: &apos;1.8.0_144&apos;
Driver info: driver.version: EventFiringWebDriver
</system-out>
    <system-err>Starting ChromeDriver 2.33.506120 (e3e53437346286c0bc2d2dc9aa4915ba81d9023f) on port 5919
Only local connections are allowed.
Feb 03, 2018 9:55:37 PM org.openqa.selenium.remote.ProtocolHandshake createSession
INFO: Detected dialect: OSS
</system-err>
  </testcase>
  <testcase classname="com.actitime.testcases.AddNewCustomerPageTest" name="verifyAddNewCustomerTest" time="39,395.088">
    <skipped/>
  </testcase>
  <testcase classname="com.actitime.testcases.HomePageTest" name="validateHomePageTest" time="0.011">
    <failure message="expected [true] but found [false]" type="java.lang.AssertionError">java.lang.AssertionError: expected [true] but found [false]
	at org.testng.Assert.fail(Assert.java:93)
	at org.testng.Assert.failNotEquals(Assert.java:512)
	at org.testng.Assert.assertTrue(Assert.java:41)
	at org.testng.Assert.assertTrue(Assert.java:51)
	at com.actitime.testcases.HomePageTest.validateHomePageTest(HomePageTest.java:38)
</failure>
    <system-out>Before navigating to: &apos;http://127.0.0.1/login.do&apos;
Navigated to:&apos;http://127.0.0.1/login.do&apos;
Trying to find Element By : By.name: username
Found Element By : By.name: username
Trying to find Element By : By.name: pwd
Found Element By : By.name: pwd
Trying to find Element By : By.xpath: //input[contains(@value,&apos;Login now&apos;)]
Found Element By : By.xpath: //input[contains(@value,&apos;Login now&apos;)]
Trying to click on: [[ChromeDriver: chrome on XP (d67d2aa6197433d33bcce94329d297cf)] -&gt; xpath: //input[contains(@value,&apos;Login now&apos;)]]
Clicked on: [[ChromeDriver: chrome on XP (d67d2aa6197433d33bcce94329d297cf)] -&gt; xpath: //input[contains(@value,&apos;Login now&apos;)]]
</system-out>
    <system-err>Starting ChromeDriver 2.33.506120 (e3e53437346286c0bc2d2dc9aa4915ba81d9023f) on port 41808
Only local connections are allowed.
Feb 04, 2018 8:52:16 AM org.openqa.selenium.remote.ProtocolHandshake createSession
INFO: Detected dialect: OSS
</system-err>
  </testcase>
  <testcase classname="com.actitime.testcases.LoginPageTest" name="loginPageIconValidate" time="0.065"/>
  <testcase classname="com.actitime.testcases.HomePageTest" name="showtasksTest" time="13.904"/>
  <testcase classname="com.actitime.testcases.LoginPageTest" name="logintest" time="1.249"/>
</testsuite>