<?xml version="1.0" encoding="UTF-8"?>
<testng-results skipped="0" failed="0" ignored="0" total="4" passed="4">
  <reporter-output>
  </reporter-output>
  <suite name="Default suite" duration-ms="69234" started-at="2018-02-25T16:07:19Z" finished-at="2018-02-25T16:08:28Z">
    <groups>
    </groups>
    <test name="Default test" duration-ms="69234" started-at="2018-02-25T16:07:19Z" finished-at="2018-02-25T16:08:28Z">
      <class name="com.actitime.testcases.AddNewCustomerPageTest">
        <test-method status="PASS" signature="setup()[pri:0, instance:com.actitime.testcases.AddNewCustomerPageTest@19f99ea]" name="setup" is-config="true" duration-ms="29518" started-at="2018-02-25T21:37:23Z" finished-at="2018-02-25T21:37:52Z">
          <reporter-output>
          </reporter-output>
        </test-method> <!-- setup -->
        <test-method status="PASS" signature="verifyAddNewCustomerTest(java.lang.String, java.lang.String)[pri:1, instance:com.actitime.testcases.AddNewCustomerPageTest@19f99ea]" name="verifyAddNewCustomerTest" duration-ms="2387" started-at="2018-02-25T21:37:52Z" data-provider="getActiTimeData" finished-at="2018-02-25T21:37:55Z">
          <params>
            <param index="0">
              <value>
                <![CDATA[ThemesWater]]>
              </value>
            </param>
            <param index="1">
              <value>
                <![CDATA[UK Project]]>
              </value>
            </param>
          </params>
          <reporter-output>
          </reporter-output>
        </test-method> <!-- verifyAddNewCustomerTest -->
        <test-method status="PASS" signature="tearDown()[pri:0, instance:com.actitime.testcases.AddNewCustomerPageTest@19f99ea]" name="tearDown" is-config="true" duration-ms="1033" started-at="2018-02-25T21:37:55Z" finished-at="2018-02-25T21:37:56Z">
          <reporter-output>
          </reporter-output>
        </test-method> <!-- tearDown -->
        <test-method status="PASS" signature="setup()[pri:0, instance:com.actitime.testcases.AddNewCustomerPageTest@19f99ea]" name="setup" is-config="true" duration-ms="9723" started-at="2018-02-25T21:37:56Z" finished-at="2018-02-25T21:38:06Z">
          <reporter-output>
          </reporter-output>
        </test-method> <!-- setup -->
        <test-method status="PASS" signature="verifyAddNewCustomerTest(java.lang.String, java.lang.String)[pri:1, instance:com.actitime.testcases.AddNewCustomerPageTest@19f99ea]" name="verifyAddNewCustomerTest" duration-ms="748" started-at="2018-02-25T21:38:06Z" data-provider="getActiTimeData" finished-at="2018-02-25T21:38:06Z">
          <params>
            <param index="0">
              <value>
                <![CDATA[SPS]]>
              </value>
            </param>
            <param index="1">
              <value>
                <![CDATA[US Project]]>
              </value>
            </param>
          </params>
          <reporter-output>
          </reporter-output>
        </test-method> <!-- verifyAddNewCustomerTest -->
        <test-method status="PASS" signature="tearDown()[pri:0, instance:com.actitime.testcases.AddNewCustomerPageTest@19f99ea]" name="tearDown" is-config="true" duration-ms="806" started-at="2018-02-25T21:38:06Z" finished-at="2018-02-25T21:38:07Z">
          <reporter-output>
          </reporter-output>
        </test-method> <!-- tearDown -->
        <test-method status="PASS" signature="setup()[pri:0, instance:com.actitime.testcases.AddNewCustomerPageTest@19f99ea]" name="setup" is-config="true" duration-ms="8636" started-at="2018-02-25T21:38:07Z" finished-at="2018-02-25T21:38:16Z">
          <reporter-output>
          </reporter-output>
        </test-method> <!-- setup -->
        <test-method status="PASS" signature="verifyAddNewCustomerTest(java.lang.String, java.lang.String)[pri:1, instance:com.actitime.testcases.AddNewCustomerPageTest@19f99ea]" name="verifyAddNewCustomerTest" duration-ms="826" started-at="2018-02-25T21:38:16Z" data-provider="getActiTimeData" finished-at="2018-02-25T21:38:17Z">
          <params>
            <param index="0">
              <value>
                <![CDATA[StateStreets]]>
              </value>
            </param>
            <param index="1">
              <value>
                <![CDATA[Mphis project]]>
              </value>
            </param>
          </params>
          <reporter-output>
          </reporter-output>
        </test-method> <!-- verifyAddNewCustomerTest -->
        <test-method status="PASS" signature="tearDown()[pri:0, instance:com.actitime.testcases.AddNewCustomerPageTest@19f99ea]" name="tearDown" is-config="true" duration-ms="800" started-at="2018-02-25T21:38:17Z" finished-at="2018-02-25T21:38:17Z">
          <reporter-output>
          </reporter-output>
        </test-method> <!-- tearDown -->
        <test-method status="PASS" signature="setup()[pri:0, instance:com.actitime.testcases.AddNewCustomerPageTest@19f99ea]" name="setup" is-config="true" duration-ms="9124" started-at="2018-02-25T21:38:17Z" finished-at="2018-02-25T21:38:26Z">
          <reporter-output>
          </reporter-output>
        </test-method> <!-- setup -->
        <test-method status="PASS" signature="verifyAddNewCustomerTest(java.lang.String, java.lang.String)[pri:1, instance:com.actitime.testcases.AddNewCustomerPageTest@19f99ea]" name="verifyAddNewCustomerTest" duration-ms="956" started-at="2018-02-25T21:38:26Z" data-provider="getActiTimeData" finished-at="2018-02-25T21:38:27Z">
          <params>
            <param index="0">
              <value>
                <![CDATA[Humana]]>
              </value>
            </param>
            <param index="1">
              <value>
                <![CDATA[Insurance Project]]>
              </value>
            </param>
          </params>
          <reporter-output>
          </reporter-output>
        </test-method> <!-- verifyAddNewCustomerTest -->
        <test-method status="PASS" signature="tearDown()[pri:0, instance:com.actitime.testcases.AddNewCustomerPageTest@19f99ea]" name="tearDown" is-config="true" duration-ms="806" started-at="2018-02-25T21:38:27Z" finished-at="2018-02-25T21:38:28Z">
          <reporter-output>
          </reporter-output>
        </test-method> <!-- tearDown -->
      </class> <!-- com.actitime.testcases.AddNewCustomerPageTest -->
    </test> <!-- Default test -->
  </suite> <!-- Default suite -->
</testng-results>
