<?xml version="1.0" encoding="UTF-8"?>
<!-- Generated by org.testng.reporters.JUnitXMLReporter -->
<testsuite hostname="lenovo-PC" ignored="0" name="Actitime Reggression Suit" tests="2" failures="0" timestamp="10 Dec 2017 03:53:43 GMT" time="17.026" errors="0">
  <testcase name="loginPageIconValidate" time="0.17" classname="com.actitime.testcases.LoginPageTest"/>
  <testcase name="logintest" time="1.635" classname="com.actitime.testcases.LoginPageTest"/>
</testsuite> <!-- Actitime Reggression Suit -->
